Using pre-set license
Built from '2020.3/staging' branch; Version is '2020.3.8f1 (507919d4fff5) revision 5273881'; Using compiler version '192528614'; Build Type 'Release'
OS: 'Windows 10 Home; OS build 19042.1110; Version 2009; 64bit' Language: 'en' Physical Memory: 16329 MB
BatchMode: 1, IsHumanControllingUs: 0, StartBugReporterOnCrash: 0, Is64bit: 1, IsPro: 0

 COMMAND LINE ARGUMENTS:
C:\Program Files\Unity\Hub\Editor\2020.3.8f1\Editor\Unity.exe
-adb2
-batchMode
-noUpm
-name
AssetImportWorker7
-projectPath
D:/Games/DangryGames/2.5D-Platformer/3D Platformer
-logFile
Logs/AssetImportWorker7.log
-srvPort
6488
Successfully changed project path to: D:/Games/DangryGames/2.5D-Platformer/3D Platformer
D:/Games/DangryGames/2.5D-Platformer/3D Platformer
Using Asset Import Pipeline V2.
Refreshing native plugins compatible for Editor in 70.29 ms, found 0 plugins.
Preloading 0 native plugins for Editor in 0.00 ms.
Initialize engine version: 2020.3.8f1 (507919d4fff5)
[Subsystems] Discovering subsystems at path C:/Program Files/Unity/Hub/Editor/2020.3.8f1/Editor/Data/Resources/UnitySubsystems
[Subsystems] Discovering subsystems at path D:/Games/DangryGames/2.5D-Platformer/3D Platformer/Assets
GfxDevice: creating device client; threaded=0
Direct3D:
    Version:  Direct3D 11.0 [level 11.1]
    Renderer: NVIDIA GeForce GTX 960 (ID=0x1401)
    Vendor:   
    VRAM:     2007 MB
    Driver:   30.0.14.7141
Initialize mono
Mono path[0] = 'C:/Program Files/Unity/Hub/Editor/2020.3.8f1/Editor/Data/Managed'
Mono path[1] = 'C:/Program Files/Unity/Hub/Editor/2020.3.8f1/Editor/Data/MonoBleedingEdge/lib/mono/unityjit'
Mono config path = 'C:/Program Files/Unity/Hub/Editor/2020.3.8f1/Editor/Data/MonoBleedingEdge/etc'
Using monoOptions --debugger-agent=transport=dt_socket,embedding=1,server=y,suspend=n,address=127.0.0.1:56252
Begin MonoManager ReloadAssembly
Registering precompiled unity dll's ...
Register platform support module: C:/Program Files/Unity/Hub/Editor/2020.3.8f1/Editor/Data/PlaybackEngines/WebGLSupport/UnityEditor.WebGL.Extensions.dll
Register platform support module: C:/Program Files/Unity/Hub/Editor/2020.3.8f1/Editor/Data/PlaybackEngines/WindowsStandaloneSupport/UnityEditor.WindowsStandalone.Extensions.dll
Registered in 0.010634 seconds.
Native extension for WindowsStandalone target not found
Native extension for WebGL target not found
Refreshing native plugins compatible for Editor in 131.27 ms, found 0 plugins.
Preloading 0 native plugins for Editor in 0.00 ms.
Mono: successfully reloaded assembly
- Completed reload, in  9.264 seconds
Platform modules already initialized, skipping
Registering precompiled user dll's ...
Registered in 0.004314 seconds.
Begin MonoManager ReloadAssembly
Native extension for WindowsStandalone target not found
Native extension for WebGL target not found
Refreshing native plugins compatible for Editor in 0.43 ms, found 0 plugins.
Preloading 0 native plugins for Editor in 0.00 ms.
Mono: successfully reloaded assembly
- Completed reload, in  1.656 seconds
Platform modules already initialized, skipping
========================================================================
Worker process is ready to serve import requests
Launched and connected shader compiler UnityShaderCompiler.exe after 0.63 seconds
Refreshing native plugins compatible for Editor in 0.44 ms, found 0 plugins.
Preloading 0 native plugins for Editor in 0.00 ms.
Unloading 1270 Unused Serialized files (Serialized files now loaded: 0)
System memory in use before: 62.4 MB.
System memory in use after: 62.5 MB.

Unloading 13 unused Assets to reduce memory usage. Loaded Objects now: 1713.
Total: 2.719500 ms (FindLiveObjects: 0.296500 ms CreateObjectMapping: 0.062200 ms MarkObjects: 2.212000 ms  DeleteObjects: 0.146200 ms)

========================================================================
Received Import Request.
  path: Assets/GameDevHQ/FileBase/Projects/Tutorials/Starter_Files/2_5D_Puzzle_Starter/Scripts/Player.cs
  artifactKey: Guid(d0a24b52a0b59d44cac42f2161ca5f7b) Importer(815301076,1909f56bfc062723c751e8b465ee728b)
Start importing Assets/GameDevHQ/FileBase/Projects/Tutorials/Starter_Files/2_5D_Puzzle_Starter/Scripts/Player.cs using Guid(d0a24b52a0b59d44cac42f2161ca5f7b) Importer(815301076,1909f56bfc062723c751e8b465ee728b)  -> (artifact id: 'c851370de71c587082ac63b9b93cdf05') in 0.244816 seconds
  Import took 0.302165 seconds .

========================================================================
Received Import Request.
  Time since last request: 26.316622 seconds.
  path: Assets/GameDevHQ/FileBase/Projects/Tutorials/Starter_Files/2_5D_Puzzle_Starter/Scripts/Coin.cs
  artifactKey: Guid(b7c308419c2b0b541949acadb22ec350) Importer(815301076,1909f56bfc062723c751e8b465ee728b)
Start importing Assets/GameDevHQ/FileBase/Projects/Tutorials/Starter_Files/2_5D_Puzzle_Starter/Scripts/Coin.cs using Guid(b7c308419c2b0b541949acadb22ec350) Importer(815301076,1909f56bfc062723c751e8b465ee728b)  -> (artifact id: 'ef887285ea3ce300e2dae606bec08fa1') in 0.262549 seconds
  Import took 0.293118 seconds .

========================================================================
Received Import Request.
  Time since last request: 344.314262 seconds.
  path: Assets/Scenes/Temp.unity
  artifactKey: Guid(ff5a8d91e87650a4299ac193d6782b22) Importer(815301076,1909f56bfc062723c751e8b465ee728b)
Start importing Assets/Scenes/Temp.unity using Guid(ff5a8d91e87650a4299ac193d6782b22) Importer(815301076,1909f56bfc062723c751e8b465ee728b)  -> (artifact id: '8282f322c6358e91c3054e85da555e56') in 0.060086 seconds
  Import took 0.127967 seconds .

========================================================================
Received Import Request.
  Time since last request: 1.283543 seconds.
  path: Assets/Scenes/SampleScene.unity
  artifactKey: Guid(9fc0d4010bbf28b4594072e72b8655ab) Importer(815301076,1909f56bfc062723c751e8b465ee728b)
Start importing Assets/Scenes/SampleScene.unity using Guid(9fc0d4010bbf28b4594072e72b8655ab) Importer(815301076,1909f56bfc062723c751e8b465ee728b)  -> (artifact id: '3d1b5f6085ed2bf9fe04cedfe817a035') in 0.038561 seconds
  Import took 0.053609 seconds .

========================================================================
Received Prepare
Registering precompiled user dll's ...
Registered in 0.002336 seconds.
Begin MonoManager ReloadAssembly
Native extension for WindowsStandalone target not found
Native extension for WebGL target not found
Refreshing native plugins compatible for Editor in 0.88 ms, found 0 plugins.
Preloading 0 native plugins for Editor in 0.00 ms.
Mono: successfully reloaded assembly
- Completed reload, in  2.259 seconds
Platform modules already initialized, skipping
Refreshing native plugins compatible for Editor in 0.80 ms, found 0 plugins.
Preloading 0 native plugins for Editor in 0.00 ms.
Unloading 1263 Unused Serialized files (Serialized files now loaded: 0)
System memory in use before: 62.3 MB.
System memory in use after: 62.3 MB.

Unloading 8 unused Assets to reduce memory usage. Loaded Objects now: 1716.
Total: 5.535500 ms (FindLiveObjects: 0.922600 ms CreateObjectMapping: 0.469400 ms MarkObjects: 4.025800 ms  DeleteObjects: 0.115500 ms)

========================================================================
Received Prepare
Registering precompiled user dll's ...
Registered in 0.004020 seconds.
Begin MonoManager ReloadAssembly
Native extension for WindowsStandalone target not found
Native extension for WebGL target not found
Refreshing native plugins compatible for Editor in 0.46 ms, found 0 plugins.
Preloading 0 native plugins for Editor in 0.00 ms.
Mono: successfully reloaded assembly
- Completed reload, in  2.321 seconds
Platform modules already initialized, skipping
Refreshing native plugins compatible for Editor in 0.66 ms, found 0 plugins.
Preloading 0 native plugins for Editor in 0.00 ms.
Unloading 1263 Unused Serialized files (Serialized files now loaded: 0)
System memory in use before: 62.3 MB.
System memory in use after: 62.4 MB.

Unloading 8 unused Assets to reduce memory usage. Loaded Objects now: 1719.
Total: 4.405800 ms (FindLiveObjects: 0.315600 ms CreateObjectMapping: 0.068600 ms MarkObjects: 3.816800 ms  DeleteObjects: 0.201600 ms)

========================================================================
Received Import Request.
  Time since last request: 1437.769875 seconds.
  path: Assets/GameDevHQ/FileBase/Projects/Tutorials/Starter_Files/2_5D_Puzzle_Starter/Scripts/UIManager.cs
  artifactKey: Guid(10f89cd9b955001478fa191eb9f65cdb) Importer(815301076,1909f56bfc062723c751e8b465ee728b)
Start importing Assets/GameDevHQ/FileBase/Projects/Tutorials/Starter_Files/2_5D_Puzzle_Starter/Scripts/UIManager.cs using Guid(10f89cd9b955001478fa191eb9f65cdb) Importer(815301076,1909f56bfc062723c751e8b465ee728b)  -> (artifact id: '4932b0721e906de1dab249b25b32ee03') in 0.026416 seconds
  Import took 0.053458 seconds .

========================================================================
Received Import Request.
  Time since last request: 897.362337 seconds.
  path: Assets/GameDevHQ/FileBase/Projects/Tutorials/Starter_Files/2_5D_Puzzle_Starter/Scripts/DeadZone.cs
  artifactKey: Guid(5eb8fea218822a84c8c1008585489187) Importer(815301076,1909f56bfc062723c751e8b465ee728b)
Start importing Assets/GameDevHQ/FileBase/Projects/Tutorials/Starter_Files/2_5D_Puzzle_Starter/Scripts/DeadZone.cs using Guid(5eb8fea218822a84c8c1008585489187) Importer(815301076,1909f56bfc062723c751e8b465ee728b)  -> (artifact id: '527f83a8d96b6e9717c5c0b04d28d6f6') in 0.049027 seconds
  Import took 0.065260 seconds .

AssetImportWorkerClient::OnTransportError - code=2 error=End of file
